[debug] [2023-02-20T14:27:23.477Z] ----------------------------------------------------------------------
[debug] [2023-02-20T14:27:23.478Z] Command:       /usr/local/bin/node /usr/local/bin/firebase init
[debug] [2023-02-20T14:27:23.479Z] CLI Version:   11.16.1
[debug] [2023-02-20T14:27:23.479Z] Platform:      darwin
[debug] [2023-02-20T14:27:23.479Z] Node Version:  v18.12.1
[debug] [2023-02-20T14:27:23.480Z] Time:          Mon Feb 20 2023 20:27:23 GMT+0600 (Bangladesh Standard Time)
[debug] [2023-02-20T14:27:23.480Z] ----------------------------------------------------------------------
[debug] 
[debug] [2023-02-20T14:27:23.482Z] >>> [apiv2][query] GET https://firebase-public.firebaseio.com/cli.json [none]
[debug] [2023-02-20T14:27:23.524Z] > command requires scopes: ["email","openid","https://www.googleapis.com/auth/cloudplatformprojects.readonly","https://www.googleapis.com/auth/firebase","https://www.googleapis.com/auth/cloud-platform"]
[debug] [2023-02-20T14:27:23.525Z] > authorizing via signed-in user (immanual65@gmail.com)
[info] 
     ######## #### ########  ######## ########     ###     ######  ########
     ##        ##  ##     ## ##       ##     ##  ##   ##  ##       ##
     ######    ##  ########  ######   ########  #########  ######  ######
     ##        ##  ##    ##  ##       ##     ## ##     ##       ## ##
     ##       #### ##     ## ######## ########  ##     ##  ######  ########

You're about to initialize a Firebase project in this directory:

  /Users/emma/Desktop/Fiverr/my-app

[debug] [2023-02-20T14:27:24.242Z] <<< [apiv2][status] GET https://firebase-public.firebaseio.com/cli.json 200
[debug] [2023-02-20T14:27:24.242Z] <<< [apiv2][body] GET https://firebase-public.firebaseio.com/cli.json {"cloudBuildErrorAfter":1594252800000,"cloudBuildWarnAfter":1590019200000,"defaultNode10After":1594252800000,"minVersion":"3.0.5","node8DeploysDisabledAfter":1613390400000,"node8RuntimeDisabledAfter":1615809600000,"node8WarnAfter":1600128000000}
